<?xml version="1.0" encoding="UTF-8"?>
<testsuite name="org.tw.FizzBuzzTest$Requirement2" tests="1" skipped="0" failures="0" errors="0" timestamp="2022-06-30T21:06:46" hostname="LAPTOP-N34MENE0" time="0.027">
  <properties/>
  <testcase name="ShouldReturnNUllWhen21IsDividedBy3And5()" classname="org.tw.FizzBuzzTest$Requirement2" time="0.027"/>
  <system-out><![CDATA[]]></system-out>
  <system-err><![CDATA[]]></system-err>
</testsuite>
